*[INFO ]-- Starting Sb1ApplicationTests using Java 17.0.10 with PID 24360 (started by rajsabari.k in D:\sabari\SpringBoot\sb1)--
*[INFO ]-- No active profile set, falling back to 1 default profile: "default"--
*[INFO ]-- HikariPool-1 - Starting...--
*[INFO ]-- HikariPool-1 - Added connection conn0: url=jdbc:h2:file:~/sb1 user=SA--
*[INFO ]-- HikariPool-1 - Start completed.--
*[INFO ]-- Started Sb1ApplicationTests in 7.302 seconds (process running for 11.494)--
*[INFO ]-- HikariPool-1 - Shutdown initiated...--
*[INFO ]-- HikariPool-1 - Shutdown completed.--
*[INFO ]-- Starting Sb1ApplicationTests using Java 17.0.10 with PID 14580 (started by rajsabari.k in D:\sabari\SpringBoot\sb1)--
*[INFO ]-- No active profile set, falling back to 1 default profile: "default"--
*[INFO ]-- HikariPool-1 - Starting...--
*[INFO ]-- HikariPool-1 - Added connection conn0: url=jdbc:h2:file:~/sb1 user=SA--
*[INFO ]-- HikariPool-1 - Start completed.--
*[INFO ]-- Started Sb1ApplicationTests in 5.344 seconds (process running for 9.147)--
*[INFO ]-- HikariPool-1 - Shutdown initiated...--
*[INFO ]-- HikariPool-1 - Shutdown completed.--
*[INFO ]-- Starting Sb1ApplicationTests using Java 17.0.10 with PID 23672 (started by rajsabari.k in D:\sabari\SpringBoot\sb1)--
*[INFO ]-- No active profile set, falling back to 1 default profile: "default"--
*[INFO ]-- HikariPool-1 - Starting...--
*[INFO ]-- HikariPool-1 - Added connection conn0: url=jdbc:h2:file:~/sb1 user=SA--
*[INFO ]-- HikariPool-1 - Start completed.--
*[INFO ]-- Started Sb1ApplicationTests in 7.003 seconds (process running for 11.935)--
*[INFO ]-- HikariPool-1 - Shutdown initiated...--
*[INFO ]-- HikariPool-1 - Shutdown completed.--
*[INFO ]-- Starting Sb1ApplicationTests using Java 17.0.10 with PID 13424 (started by rajsabari.k in D:\sabari\SpringBoot\sb1)--
*[INFO ]-- No active profile set, falling back to 1 default profile: "default"--
*[INFO ]-- HikariPool-1 - Starting...--
*[INFO ]-- HikariPool-1 - Added connection conn0: url=jdbc:h2:file:~/sb1 user=SA--
*[INFO ]-- HikariPool-1 - Start completed.--
*[INFO ]-- Started Sb1ApplicationTests in 5.123 seconds (process running for 8.784)--
*[INFO ]-- HikariPool-1 - Shutdown initiated...--
*[INFO ]-- HikariPool-1 - Shutdown completed.--
*[INFO ]-- Starting Sb1ApplicationTests using Java 17.0.10 with PID 13936 (started by rajsabari.k in D:\sabari\SpringBoot\sb1)--
*[INFO ]-- No active profile set, falling back to 1 default profile: "default"--
*[INFO ]-- HikariPool-1 - Starting...--
*[INFO ]-- HikariPool-1 - Added connection conn0: url=jdbc:h2:file:~/sb1 user=SA--
*[INFO ]-- HikariPool-1 - Start completed.--
*[INFO ]-- Started Sb1ApplicationTests in 10.077 seconds (process running for 17.91)--
*[INFO ]-- HikariPool-1 - Shutdown initiated...--
*[INFO ]-- HikariPool-1 - Shutdown completed.--
*[INFO ]-- Starting Sb1ApplicationTests using Java 17.0.10 with PID 9972 (started by rajsabari.k in D:\sabari\SpringBoot\sb1)--
*[INFO ]-- No active profile set, falling back to 1 default profile: "default"--
*[INFO ]-- HikariPool-1 - Starting...--
*[INFO ]-- HikariPool-1 - Added connection conn0: url=jdbc:h2:file:~/sb1 user=SA--
*[INFO ]-- HikariPool-1 - Start completed.--
*[INFO ]-- Started Sb1ApplicationTests in 11.256 seconds (process running for 19.663)--
*[INFO ]-- HikariPool-1 - Shutdown initiated...--
*[INFO ]-- HikariPool-1 - Shutdown completed.--
*[INFO ]-- Starting Sb1ApplicationTests using Java 17.0.10 with PID 12404 (started by rajsabari.k in D:\sabari\SpringBoot\sb1)--
*[INFO ]-- No active profile set, falling back to 1 default profile: "default"--
*[INFO ]-- HikariPool-1 - Starting...--
*[INFO ]-- HikariPool-1 - Added connection conn0: url=jdbc:h2:file:~/sb1 user=SA--
*[INFO ]-- HikariPool-1 - Start completed.--
*[INFO ]-- Started Sb1ApplicationTests in 10.064 seconds (process running for 18.129)--
*[INFO ]-- HikariPool-1 - Shutdown initiated...--
*[INFO ]-- HikariPool-1 - Shutdown completed.--
*[INFO ]-- Starting Sb1ApplicationTests using Java 17.0.10 with PID 22652 (started by rajsabari.k in D:\sabari\SpringBoot\sb1)--
*[INFO ]-- No active profile set, falling back to 1 default profile: "default"--
*[INFO ]-- HikariPool-1 - Starting...--
*[INFO ]-- HikariPool-1 - Added connection conn0: url=jdbc:h2:file:~/sb1 user=SA--
*[INFO ]-- HikariPool-1 - Start completed.--
*[INFO ]-- Started Sb1ApplicationTests in 10.4 seconds (process running for 18.13)--
*[INFO ]-- HikariPool-1 - Shutdown initiated...--
*[INFO ]-- HikariPool-1 - Shutdown completed.--
*[INFO ]-- Starting Sb1ApplicationTests using Java 17.0.10 with PID 19096 (started by rajsabari.k in D:\sabari\SpringBoot\sb1)--
*[INFO ]-- No active profile set, falling back to 1 default profile: "default"--
*[INFO ]-- HikariPool-1 - Starting...--
*[INFO ]-- HikariPool-1 - Added connection conn0: url=jdbc:h2:file:~/sb1 user=SA--
*[INFO ]-- HikariPool-1 - Start completed.--
*[INFO ]-- Started Sb1ApplicationTests in 9.471 seconds (process running for 18.49)--
*[INFO ]-- HikariPool-1 - Shutdown initiated...--
*[INFO ]-- HikariPool-1 - Shutdown completed.--
